[debug] [2023-05-06T20:48:19.341Z] ----------------------------------------------------------------------
[debug] [2023-05-06T20:48:19.343Z] Command:       /home/himanshu/.nvm/versions/node/v18.15.0/bin/node /home/himanshu/.nvm/versions/node/v18.15.0/bin/firebase deploy
[debug] [2023-05-06T20:48:19.343Z] CLI Version:   11.29.0
[debug] [2023-05-06T20:48:19.343Z] Platform:      linux
[debug] [2023-05-06T20:48:19.344Z] Node Version:  v18.15.0
[debug] [2023-05-06T20:48:19.346Z] Time:          Sun May 07 2023 02:18:19 GMT+0530 (India Standard Time)
[debug] [2023-05-06T20:48:19.346Z] ----------------------------------------------------------------------
[debug] 
[debug] [2023-05-06T20:48:19.349Z] >>> [apiv2][query] GET https://firebase-public.firebaseio.com/cli.json [none]
[debug] [2023-05-06T20:48:19.437Z] > command requires scopes: ["email","openid","https://www.googleapis.com/auth/cloudplatformprojects.readonly","https://www.googleapis.com/auth/firebase","https://www.googleapis.com/auth/cloud-platform"]
[debug] [2023-05-06T20:48:19.437Z] > authorizing via signed-in user (himanshujhar@gmail.com)
[debug] [2023-05-06T20:48:19.437Z] [iam] checking project dr-nitin-gupta for permissions ["firebase.projects.get","firebasehosting.sites.update"]
[debug] [2023-05-06T20:48:19.438Z] > refreshing access token with scopes: []
[debug] [2023-05-06T20:48:19.439Z] >>> [apiv2][query] POST https://www.googleapis.com/oauth2/v3/token [none]
[debug] [2023-05-06T20:48:19.439Z] >>> [apiv2][body] POST https://www.googleapis.com/oauth2/v3/token [omitted]
[debug] [2023-05-06T20:48:19.665Z] <<< [apiv2][status] POST https://www.googleapis.com/oauth2/v3/token 200
[debug] [2023-05-06T20:48:19.665Z] <<< [apiv2][body] POST https://www.googleapis.com/oauth2/v3/token [omitted]
[debug] [2023-05-06T20:48:19.671Z] >>> [apiv2][query] POST https://cloudresourcemanager.googleapis.com/v1/projects/dr-nitin-gupta:testIamPermissions [none]
[debug] [2023-05-06T20:48:19.672Z] >>> [apiv2][(partial)header] POST https://cloudresourcemanager.googleapis.com/v1/projects/dr-nitin-gupta:testIamPermissions x-goog-quota-user=projects/dr-nitin-gupta
[debug] [2023-05-06T20:48:19.672Z] >>> [apiv2][body] POST https://cloudresourcemanager.googleapis.com/v1/projects/dr-nitin-gupta:testIamPermissions {"permissions":["firebase.projects.get","firebasehosting.sites.update"]}
[debug] [2023-05-06T20:48:20.063Z] <<< [apiv2][status] GET https://firebase-public.firebaseio.com/cli.json 200
[debug] [2023-05-06T20:48:20.063Z] <<< [apiv2][body] GET https://firebase-public.firebaseio.com/cli.json {"cloudBuildErrorAfter":1594252800000,"cloudBuildWarnAfter":1590019200000,"defaultNode10After":1594252800000,"minVersion":"3.0.5","node8DeploysDisabledAfter":1613390400000,"node8RuntimeDisabledAfter":1615809600000,"node8WarnAfter":1600128000000}
[debug] [2023-05-06T20:48:21.385Z] <<< [apiv2][status] POST https://cloudresourcemanager.googleapis.com/v1/projects/dr-nitin-gupta:testIamPermissions 200
[debug] [2023-05-06T20:48:21.386Z] <<< [apiv2][body] POST https://cloudresourcemanager.googleapis.com/v1/projects/dr-nitin-gupta:testIamPermissions {}
[debug] [2023-05-06T20:48:21.386Z] [iam] error while checking permissions, command may fail: FirebaseError: Authorization failed. This account is missing the following required permissions on project dr-nitin-gupta:

  firebase.projects.get
  firebasehosting.sites.update
[debug] [2023-05-06T20:48:21.387Z] >>> [apiv2][query] GET https://firebase.googleapis.com/v1beta1/projects/dr-nitin-gupta [none]
[debug] [2023-05-06T20:48:22.154Z] <<< [apiv2][status] GET https://firebase.googleapis.com/v1beta1/projects/dr-nitin-gupta 403
[debug] [2023-05-06T20:48:22.154Z] <<< [apiv2][body] GET https://firebase.googleapis.com/v1beta1/projects/dr-nitin-gupta {"error":{"code":403,"message":"The caller does not have permission","status":"PERMISSION_DENIED"}}
[debug] [2023-05-06T20:48:22.155Z] HTTP Error: 403, The caller does not have permission
[debug] [2023-05-06T20:48:22.347Z] FirebaseError: HTTP Error: 403, The caller does not have permission
    at responseToError (/home/himanshu/.nvm/versions/node/v18.15.0/lib/node_modules/firebase-tools/lib/responseToError.js:49:12)
    at RetryOperation._fn (/home/himanshu/.nvm/versions/node/v18.15.0/lib/node_modules/firebase-tools/lib/apiv2.js:288:77)
    at process.processTicksAndRejections (node:internal/process/task_queues:95:5)
[error] 
[error] Error: Failed to get Firebase project dr-nitin-gupta. Please make sure the project exists and your account has permission to access it.
